<?xml version="1.0" encoding="UTF-8"?>
<!-- Generated by org.testng.reporters.JUnitReportReporter -->
<testsuite hostname="Saibaba" name="toursPages.HomePageTest" tests="1" failures="0" timestamp="9 Sep 2015 10:43:15 GMT" time="3.785" errors="0">
  <testcase name="Login" time="3.785" classname="toursPages.HomePageTest"/>
</testsuite> <!-- toursPages.HomePageTest -->
